<?xml version="1.0" encoding="UTF-8"?>
<!-- Generated by org.testng.reporters.JUnitReportReporter -->
<testsuite hostname="Jat" failures="0" tests="2" name="Selenium_Concept.Selenium_Concept.Implicit_wait" time="4.571" errors="0" timestamp="2025-06-07T17:39:29 IST" skipped="0">
  <testcase classname="Selenium_Concept.Selenium_Concept.Implicit_wait" name="implicit_wait" time="3.498"/>
  <testcase classname="Selenium_Concept.Selenium_Concept.Implicit_wait" name="SearchFlight" time="1.073"/>
</testsuite> <!-- Selenium_Concept.Selenium_Concept.Implicit_wait -->
