<?xml version="1.0" encoding="UTF-8"?>
<!-- Generated by org.testng.reporters.JUnitReportReporter -->
<testsuite hostname="Jat" failures="0" tests="1" name="Utilities.Browser" time="4.559" errors="0" timestamp="2025-06-04T18:42:07 IST" skipped="0">
  <testcase classname="Utilities.Browser" name="Open_broser" time="4.559"/>
</testsuite> <!-- Utilities.Browser -->
