<?xml version="1.0" encoding="UTF-8"?>
<!-- Generated by org.testng.reporters.JUnitReportReporter -->
<testsuite hostname="Jat" failures="0" tests="1" name="Selenium_Concept.Selenium_Concept.Implicit_wait" time="2.867" errors="0" timestamp="2025-06-05T12:16:47 IST" skipped="0">
  <testcase classname="Selenium_Concept.Selenium_Concept.Implicit_wait" name="implicit_wait" time="2.867"/>
</testsuite> <!-- Selenium_Concept.Selenium_Concept.Implicit_wait -->
