<?xml version="1.0" encoding="UTF-8"?>
<!-- Generated by org.testng.reporters.JUnitReportReporter -->
<testsuite hostname="Jat" failures="0" tests="1" name="Utilities.Browser" time="4.518" errors="0" timestamp="2025-06-08T04:40:38 IST" skipped="0">
  <testcase classname="Utilities.Browser" name="Open_broser" time="4.518"/>
</testsuite> <!-- Utilities.Browser -->
