<?xml version="1.0" encoding="UTF-8"?>
<!-- Generated by org.testng.reporters.JUnitReportReporter -->
<testsuite hostname="Jat" failures="0" tests="4" name="Selenium_Concept.Selenium_Concept.Flilght_booking_site" time="25.543" errors="0" timestamp="2025-06-12T17:35:13 IST" skipped="0">
  <testcase classname="Selenium_Concept.Selenium_Concept.Flilght_booking_site" name="Open_Website" time="7.643"/>
  <testcase classname="Selenium_Concept.Selenium_Concept.Flilght_booking_site" name="SearchFromFlight" time="1.576"/>
  <testcase classname="Selenium_Concept.Selenium_Concept.Flilght_booking_site" name="SearchTOFlight" time="4.873"/>
  <testcase classname="Selenium_Concept.Selenium_Concept.Flilght_booking_site" name="FlightDate_ClassType" time="11.451"/>
</testsuite> <!-- Selenium_Concept.Selenium_Concept.Flilght_booking_site -->
