<?xml version="1.0" encoding="UTF-8"?>
<!-- Generated by org.testng.reporters.JUnitReportReporter -->
<testsuite hostname="Jat" failures="0" tests="5" name="Selenium_Concept.Selenium_Concept.Flight_Select_page" time="40.242" errors="0" timestamp="2025-06-12T19:49:32 IST" skipped="0">
  <testcase classname="Selenium_Concept.Selenium_Concept.Flight_Select_page" name="Open_Website" time="16.567"/>
  <testcase classname="Selenium_Concept.Selenium_Concept.Flight_Select_page" name="SearchFromFlight" time="0.888"/>
  <testcase classname="Selenium_Concept.Selenium_Concept.Flight_Select_page" name="SearchTOFlight" time="4.617"/>
  <testcase classname="Selenium_Concept.Selenium_Concept.Flight_Select_page" name="FlightDate_ClassType" time="5.270"/>
  <testcase classname="Selenium_Concept.Selenium_Concept.Flight_Select_page" name="ss" time="12.900"/>
</testsuite> <!-- Selenium_Concept.Selenium_Concept.Flight_Select_page -->
