<?xml version="1.0" encoding="UTF-8"?>
<!-- Generated by org.testng.reporters.JUnitReportReporter -->
<testsuite hostname="Jat" failures="0" tests="4" name="Selenium_Concept.Selenium_Concept.Flilght_booking_site" time="10.250" errors="0" timestamp="2025-06-08T18:34:36 IST" skipped="0">
  <testcase classname="Selenium_Concept.Selenium_Concept.Flilght_booking_site" name="Open_Website" time="2.251"/>
  <testcase classname="Selenium_Concept.Selenium_Concept.Flilght_booking_site" name="SearchFromFlight" time="1.442"/>
  <testcase classname="Selenium_Concept.Selenium_Concept.Flilght_booking_site" name="SearchTOFlight" time="0.674"/>
  <testcase classname="Selenium_Concept.Selenium_Concept.Flilght_booking_site" name="FlightDate_ClassType" time="5.883"/>
</testsuite> <!-- Selenium_Concept.Selenium_Concept.Flilght_booking_site -->
